2025-02-24 16:19:43,165 - main - INFO - Starting application...
2025-02-24 16:19:43,166 - main - INFO - WebSocket connection started for btcusdt
2025-02-24 16:19:43,166 - main - INFO - WebSocket connection started for ethusdt
2025-02-24 16:19:52,653 - main - INFO - Shutting down application...
2025-02-24 16:22:51,441 - main - INFO - Starting application...
2025-02-24 16:22:51,441 - main - INFO - WebSocket connection started for btcusdt
2025-02-24 16:22:51,442 - main - INFO - WebSocket connection started for ethusdt
2025-02-24 16:22:56,951 - main - INFO - Shutting down application...
2025-02-24 16:25:08,259 - main - INFO - Starting application...
2025-02-24 16:25:08,260 - main - INFO - WebSocket connection started for btcusdt
2025-02-24 16:25:08,269 - main - INFO - WebSocket connection started for ethusdt
2025-02-24 16:26:30,997 - main - INFO - Shutting down application...
2025-02-24 16:26:34,154 - main - INFO - Starting application...
2025-02-24 16:26:34,154 - main - INFO - WebSocket connection started for btcusdt
2025-02-24 16:26:34,155 - main - INFO - WebSocket connection started for ethusdt
2025-02-24 16:39:01,651 - main - INFO - Shutting down application...
2025-02-24 16:39:03,635 - main - INFO - Starting application...
2025-02-24 16:39:03,635 - main - INFO - WebSocket connection started for btcusdt
2025-02-24 16:39:03,636 - main - INFO - WebSocket connection started for ethusdt
2025-02-24 16:39:54,505 - main - INFO - Starting application...
2025-02-24 16:39:54,506 - main - INFO - WebSocket connection started for btcusdt
2025-02-24 16:39:54,506 - main - INFO - WebSocket connection started for ethusdt
2025-02-24 16:41:17,973 - main - INFO - Shutting down application...
2025-02-24 16:41:18,037 - main - INFO - Shutting down application...
2025-02-24 16:41:20,178 - main - INFO - Starting application...
2025-02-24 16:41:20,178 - main - INFO - WebSocket connection started for btcusdt
2025-02-24 16:41:20,179 - main - INFO - WebSocket connection started for ethusdt
2025-02-24 16:41:20,221 - main - INFO - Starting application...
2025-02-24 16:41:20,221 - main - INFO - WebSocket connection started for btcusdt
2025-02-24 16:41:20,222 - main - INFO - WebSocket connection started for ethusdt
2025-02-24 16:42:31,182 - main - INFO - Shutting down application...
2025-02-24 16:42:34,186 - main - INFO - Starting application...
2025-02-24 16:42:34,187 - main - INFO - WebSocket connection started for btcusdt
2025-02-24 16:42:34,188 - main - INFO - WebSocket connection started for ethusdt
2025-02-24 16:43:34,355 - main - INFO - Starting application...
2025-02-24 16:43:34,356 - main - INFO - WebSocket connection started for btcusdt
2025-02-24 16:43:34,356 - main - INFO - WebSocket connection started for ethusdt
2025-02-24 16:43:38,827 - main - INFO - Shutting down application...
2025-02-24 16:43:40,993 - main - INFO - Starting application...
2025-02-24 16:43:40,993 - main - INFO - WebSocket connection started for btcusdt
2025-02-24 16:43:40,994 - main - INFO - WebSocket connection started for ethusdt
2025-02-24 16:44:22,939 - main - INFO - Shutting down application...
2025-02-24 16:45:02,198 - main - INFO - Starting application...
2025-02-24 16:45:02,198 - main - INFO - WebSocket connection started for btcusdt
2025-02-24 16:45:02,199 - main - INFO - WebSocket connection started for ethusdt
2025-02-24 16:45:47,054 - main - INFO - Shutting down application...
2025-02-24 16:45:49,169 - main - INFO - Starting application...
2025-02-24 16:45:49,170 - main - INFO - WebSocket connection started for btcusdt
2025-02-24 16:45:49,170 - main - INFO - WebSocket connection started for ethusdt
2025-02-24 16:46:03,230 - main - INFO - Shutting down application...
2025-02-24 16:46:17,217 - main - INFO - Starting application...
2025-02-24 16:46:17,219 - main - INFO - WebSocket connection started for btcusdt
2025-02-24 16:46:17,219 - main - INFO - WebSocket connection started for ethusdt
2025-02-24 16:47:14,146 - main - INFO - Shutting down application...
2025-02-24 16:47:22,894 - main - INFO - Starting application...
2025-02-24 16:47:22,894 - main - INFO - WebSocket connection started for btcusdt
2025-02-24 16:47:22,895 - main - INFO - WebSocket connection started for ethusdt
2025-02-24 16:47:24,347 - main - INFO - Shutting down application...
2025-02-24 16:47:37,508 - main - INFO - Starting application...
2025-02-24 16:47:37,509 - main - INFO - WebSocket connection started for btcusdt
2025-02-24 16:47:37,510 - main - INFO - WebSocket connection started for ethusdt
2025-02-24 16:48:18,137 - main - INFO - Starting application...
2025-02-24 16:48:18,137 - main - INFO - WebSocket connection started for btcusdt
2025-02-24 16:48:18,138 - main - INFO - WebSocket connection started for ethusdt
2025-02-24 16:49:05,031 - main - INFO - Shutting down application...
2025-02-24 16:49:36,325 - main - INFO - Starting application...
2025-02-24 16:49:36,326 - main - INFO - WebSocket connection started for btcusdt
2025-02-24 16:49:36,326 - main - INFO - WebSocket connection started for ethusdt
2025-02-24 16:50:58,834 - main - INFO - Shutting down application...
2025-02-24 16:51:01,103 - main - INFO - Starting application...
2025-02-24 16:51:01,103 - main - INFO - WebSocket connection started for btcusdt
2025-02-24 16:51:01,104 - main - INFO - WebSocket connection started for ethusdt
2025-02-24 16:51:03,297 - main - INFO - Shutting down application...
2025-02-24 16:51:07,756 - main - INFO - Starting application...
2025-02-24 16:51:07,756 - main - INFO - WebSocket connection started for btcusdt
2025-02-24 16:51:07,757 - main - INFO - WebSocket connection started for ethusdt
2025-02-24 16:52:50,675 - main - INFO - Shutting down application...
2025-02-24 16:52:52,964 - main - INFO - Starting application...
2025-02-24 16:52:52,965 - main - INFO - WebSocket connection started for btcusdt
2025-02-24 16:52:52,966 - main - INFO - WebSocket connection started for ethusdt
2025-02-24 16:52:58,554 - main - INFO - Shutting down application...
2025-02-24 16:53:02,978 - main - INFO - Starting application...
2025-02-24 16:53:02,979 - main - INFO - WebSocket connection started for btcusdt
2025-02-24 16:53:02,979 - main - INFO - WebSocket connection started for ethusdt
2025-02-24 16:57:09,749 - main - INFO - Shutting down application...
2025-02-24 17:11:51,414 - main - INFO - Starting application...
2025-02-24 17:11:51,415 - main - INFO - WebSocket connection started for btcusdt
2025-02-24 17:11:51,416 - main - INFO - WebSocket connection started for ethusdt
2025-02-24 17:11:53,721 - main - INFO - Shutting down application...
2025-02-24 17:12:23,439 - main - INFO - Starting application...
2025-02-24 17:12:23,439 - main - INFO - WebSocket connection started for btcusdt
2025-02-24 17:12:23,440 - main - INFO - WebSocket connection started for ethusdt
2025-02-24 17:13:10,606 - main - INFO - Shutting down application...
2025-02-24 17:13:30,045 - main - INFO - Starting application...
2025-02-24 17:13:30,046 - main - INFO - WebSocket connection started for btcusdt
2025-02-24 17:13:30,047 - main - INFO - WebSocket connection started for ethusdt
2025-02-24 17:13:30,047 - main - INFO - WebSocket connection started for xrpusdt
2025-02-24 17:14:46,209 - main - INFO - Shutting down application...
2025-02-24 17:14:48,991 - main - INFO - Starting application...
2025-02-24 17:14:48,991 - main - INFO - WebSocket connection started for btcusdt
2025-02-24 17:14:48,992 - main - INFO - WebSocket connection started for ethusdt
2025-02-24 17:14:48,992 - main - INFO - WebSocket connection started for xrpusdt
2025-02-24 17:14:50,658 - main - INFO - Shutting down application...
2025-02-24 17:14:57,096 - main - INFO - Starting application...
2025-02-24 17:14:57,096 - main - INFO - WebSocket connection started for btcusdt
2025-02-24 17:14:57,097 - main - INFO - WebSocket connection started for ethusdt
2025-02-24 17:14:57,097 - main - INFO - WebSocket connection started for xrpusdt
2025-02-24 17:16:07,011 - main - INFO - Shutting down application...
2025-02-24 17:16:09,363 - main - INFO - Starting application...
2025-02-24 17:16:09,364 - main - INFO - WebSocket connection started for btcusdt
2025-02-24 17:16:09,365 - main - INFO - WebSocket connection started for ethusdt
2025-02-24 17:16:09,365 - main - INFO - WebSocket connection started for xrpusdt
2025-02-24 17:16:36,780 - main - INFO - Shutting down application...
2025-02-24 17:16:42,821 - main - INFO - Starting application...
2025-02-24 17:16:42,821 - main - INFO - WebSocket connection started for btcusdt
2025-02-24 17:16:42,822 - main - INFO - WebSocket connection started for ethusdt
2025-02-24 17:16:42,823 - main - INFO - WebSocket connection started for xrpusdt
2025-02-24 17:17:01,890 - main - INFO - Shutting down application...
2025-02-24 17:18:04,855 - main - INFO - Starting application...
2025-02-24 17:18:04,856 - main - INFO - WebSocket connection started for btcusdt
2025-02-24 17:18:04,857 - main - INFO - WebSocket connection started for ethusdt
2025-02-24 17:18:04,857 - main - INFO - WebSocket connection started for xrpusdt
2025-02-24 17:21:09,608 - main - INFO - Shutting down application...
2025-02-24 17:31:23,449 - main - INFO - Starting application...
2025-02-24 17:31:23,450 - main - INFO - WebSocket connection started for btcusdt
2025-02-24 17:31:23,450 - main - INFO - WebSocket connection started for ethusdt
2025-02-24 17:31:23,451 - main - INFO - WebSocket connection started for xrpusdt
2025-02-24 17:31:53,951 - main - INFO - Shutting down application...
2025-02-24 17:32:11,672 - main - INFO - Starting application...
2025-02-24 17:32:11,673 - main - INFO - WebSocket connection started for btcusdt
2025-02-24 17:32:11,673 - main - INFO - WebSocket connection started for ethusdt
2025-02-24 17:32:11,674 - main - INFO - WebSocket connection started for xrpusdt
2025-02-24 17:32:18,457 - main - INFO - Shutting down application...
2025-02-24 17:35:32,862 - main - INFO - Starting application...
2025-02-24 17:35:32,863 - main - INFO - WebSocket connection started for btcusdt
2025-02-24 17:35:32,864 - main - INFO - WebSocket connection started for ethusdt
2025-02-24 17:35:32,864 - main - INFO - WebSocket connection started for xrpusdt
2025-02-24 17:35:44,207 - main - INFO - Shutting down application...
2025-02-24 17:36:42,433 - main - INFO - Starting application...
2025-02-24 17:36:42,433 - main - INFO - WebSocket connection started for btcusdt
2025-02-24 17:36:42,434 - main - INFO - WebSocket connection started for ethusdt
2025-02-24 17:36:42,434 - main - INFO - WebSocket connection started for xrpusdt
2025-02-24 17:37:46,436 - main - INFO - Shutting down application...
2025-02-24 17:37:56,678 - main - INFO - Starting application...
2025-02-24 17:37:56,678 - main - INFO - WebSocket connection started for btcusdt
2025-02-24 17:37:56,679 - main - INFO - WebSocket connection started for ethusdt
2025-02-24 17:37:56,679 - main - INFO - WebSocket connection started for xrpusdt
2025-02-24 17:38:03,558 - main - INFO - Shutting down application...
2025-02-24 17:38:53,949 - main - INFO - Starting application...
2025-02-24 17:38:53,949 - main - INFO - WebSocket connection started for btcusdt
2025-02-24 17:38:53,950 - main - INFO - WebSocket connection started for ethusdt
2025-02-24 17:38:53,951 - main - INFO - WebSocket connection started for xrpusdt
2025-02-24 17:39:04,231 - main - INFO - Shutting down application...
2025-02-24 17:40:26,536 - main - INFO - Starting application...
2025-02-24 17:40:26,537 - main - INFO - WebSocket connection started for btcusdt
2025-02-24 17:40:26,537 - main - INFO - WebSocket connection started for ethusdt
2025-02-24 17:40:26,538 - main - INFO - WebSocket connection started for xrpusdt
2025-02-24 17:41:10,016 - main - INFO - Shutting down application...
2025-02-24 17:42:10,307 - main - INFO - Starting application...
2025-02-24 17:42:10,308 - main - INFO - WebSocket connection started for btcusdt
2025-02-24 17:42:10,308 - main - INFO - WebSocket connection started for ethusdt
2025-02-24 17:42:10,309 - main - INFO - WebSocket connection started for xrpusdt
2025-02-24 17:42:28,135 - main - INFO - Shutting down application...
2025-02-24 17:43:12,735 - main - INFO - Starting application...
2025-02-24 17:43:12,736 - main - INFO - WebSocket connection started for btcusdt
2025-02-24 17:43:12,736 - main - INFO - WebSocket connection started for ethusdt
2025-02-24 17:43:12,737 - main - INFO - WebSocket connection started for xrpusdt
2025-02-24 17:43:30,553 - main - INFO - Shutting down application...
2025-02-24 17:46:27,715 - main - INFO - Starting application...
2025-02-24 17:46:27,716 - main - INFO - WebSocket connection started for btcusdt
2025-02-24 17:46:27,717 - main - INFO - WebSocket connection started for ethusdt
2025-02-24 17:46:27,717 - main - INFO - WebSocket connection started for xrpusdt
2025-02-24 17:46:49,215 - main - INFO - Shutting down application...
2025-02-24 17:47:48,988 - main - INFO - Starting application...
2025-02-24 17:47:48,989 - main - INFO - WebSocket connection started for btcusdt
2025-02-24 17:47:48,989 - main - INFO - WebSocket connection started for ethusdt
2025-02-24 17:47:48,990 - main - INFO - WebSocket connection started for xrpusdt
2025-02-24 17:48:10,124 - main - INFO - Shutting down application...
2025-02-24 17:48:52,067 - main - INFO - Starting application...
2025-02-24 17:48:52,068 - main - INFO - WebSocket connection started for btcusdt
2025-02-24 17:48:52,068 - main - INFO - WebSocket connection started for ethusdt
2025-02-24 17:48:52,069 - main - INFO - WebSocket connection started for xrpusdt
2025-02-24 17:49:12,286 - main - INFO - Shutting down application...
2025-02-24 17:50:01,882 - main - INFO - Starting application...
2025-02-24 17:50:01,883 - main - INFO - WebSocket connection started for btcusdt
2025-02-24 17:50:01,885 - main - INFO - WebSocket connection started for ethusdt
2025-02-24 17:50:01,886 - main - INFO - WebSocket connection started for xrpusdt
2025-02-24 17:50:29,070 - main - INFO - Shutting down application...
2025-02-24 19:30:43,095 - main - INFO - Starting application...
2025-02-24 19:30:43,095 - main - INFO - WebSocket connection started for btcusdt
2025-02-24 19:30:43,096 - main - INFO - WebSocket connection started for ethusdt
2025-02-24 19:30:43,097 - main - INFO - WebSocket connection started for xrpusdt
2025-02-24 19:31:33,239 - main - INFO - Shutting down application...
2025-02-24 19:32:53,929 - main - INFO - Starting application...
2025-02-24 19:32:54,010 - main - INFO - WebSocket connection started for btcusdt
2025-02-24 19:32:54,056 - main - INFO - WebSocket connection started for ethusdt
2025-02-24 19:32:54,144 - main - INFO - WebSocket connection started for xrpusdt
2025-02-24 19:33:41,067 - main - INFO - Shutting down application...
2025-02-24 19:35:09,536 - main - INFO - Starting application...
2025-02-24 19:35:09,537 - main - INFO - WebSocket connection started for btcusdt
2025-02-24 19:35:09,538 - main - INFO - WebSocket connection started for ethusdt
2025-02-24 19:35:09,538 - main - INFO - WebSocket connection started for xrpusdt
2025-02-24 19:36:33,648 - main - INFO - Shutting down application...
2025-02-24 19:37:34,639 - main - INFO - Starting application...
2025-02-24 19:37:34,639 - main - INFO - WebSocket connection started for btcusdt
2025-02-24 19:37:34,640 - main - INFO - WebSocket connection started for ethusdt
2025-02-24 19:37:34,640 - main - INFO - WebSocket connection started for xrpusdt
2025-02-24 19:37:42,236 - main - INFO - Shutting down application...
2025-02-24 19:39:30,844 - main - INFO - Starting application...
2025-02-24 19:39:30,846 - main - INFO - WebSocket connection started for btcusdt
2025-02-24 19:39:30,848 - main - INFO - WebSocket connection started for ethusdt
2025-02-24 19:39:30,849 - main - INFO - WebSocket connection started for xrpusdt
2025-02-24 19:41:06,615 - main - INFO - Shutting down application...
2025-02-24 19:42:24,076 - main - INFO - Starting application...
2025-02-24 19:42:24,077 - main - INFO - WebSocket connection started for btcusdt
2025-02-24 19:42:24,077 - main - INFO - WebSocket connection started for ethusdt
2025-02-24 19:42:24,078 - main - INFO - WebSocket connection started for xrpusdt
2025-02-24 19:44:44,080 - main - INFO - Shutting down application...
2025-02-24 20:33:10,718 - main - INFO - Starting application...
2025-02-24 20:33:10,718 - main - INFO - WebSocket connection started for btcusdt
2025-02-24 20:33:10,719 - main - INFO - WebSocket connection started for ethusdt
2025-02-24 20:33:10,719 - main - INFO - WebSocket connection started for xrpusdt
2025-02-24 20:34:37,083 - main - INFO - Shutting down application...
2025-02-24 20:34:40,789 - main - INFO - Starting application...
2025-02-24 20:34:40,789 - main - INFO - WebSocket connection started for btcusdt
2025-02-24 20:34:40,790 - main - INFO - WebSocket connection started for ethusdt
2025-02-24 20:34:40,791 - main - INFO - WebSocket connection started for xrpusdt
2025-02-24 20:36:30,658 - main - INFO - Shutting down application...
2025-02-24 20:36:46,040 - main - INFO - Starting application...
2025-02-24 20:36:46,041 - main - INFO - WebSocket connection started for btcusdt
2025-02-24 20:36:46,041 - main - INFO - WebSocket connection started for ethusdt
2025-02-24 20:36:46,042 - main - INFO - WebSocket connection started for xrpusdt
2025-02-24 20:38:55,169 - main - INFO - Shutting down application...
2025-02-24 20:39:18,653 - main - INFO - Starting application...
2025-02-24 20:39:18,654 - main - INFO - WebSocket connection started for btcusdt
2025-02-24 20:39:18,655 - main - INFO - WebSocket connection started for ethusdt
2025-02-24 20:39:18,655 - main - INFO - WebSocket connection started for xrpusdt
2025-02-24 20:41:10,919 - main - INFO - Shutting down application...
2025-02-24 20:41:45,741 - main - INFO - Starting application...
2025-02-24 20:41:45,742 - main - INFO - WebSocket connection started for btcusdt
2025-02-24 20:41:45,742 - main - INFO - WebSocket connection started for ethusdt
2025-02-24 20:41:45,743 - main - INFO - WebSocket connection started for xrpusdt
2025-02-24 20:42:52,599 - main - INFO - Shutting down application...
2025-02-24 20:43:23,377 - main - INFO - Starting application...
2025-02-24 20:43:23,377 - main - INFO - WebSocket connection started for btcusdt
2025-02-24 20:43:23,378 - main - INFO - WebSocket connection started for ethusdt
2025-02-24 20:43:23,379 - main - INFO - WebSocket connection started for xrpusdt
2025-02-24 20:44:31,610 - main - INFO - Shutting down application...
2025-02-24 20:44:42,459 - main - INFO - Starting application...
2025-02-24 20:44:42,460 - main - INFO - WebSocket connection started for btcusdt
2025-02-24 20:44:42,460 - main - INFO - WebSocket connection started for ethusdt
2025-02-24 20:44:42,461 - main - INFO - WebSocket connection started for xrpusdt
2025-02-24 20:45:48,137 - main - INFO - Shutting down application...
2025-02-24 20:46:04,930 - main - INFO - Starting application...
2025-02-24 20:46:04,931 - main - INFO - WebSocket connection started for btcusdt
2025-02-24 20:46:04,931 - main - INFO - WebSocket connection started for ethusdt
2025-02-24 20:46:04,932 - main - INFO - WebSocket connection started for xrpusdt
2025-02-24 20:47:28,768 - main - INFO - Shutting down application...
2025-02-24 20:47:45,092 - main - INFO - Starting application...
2025-02-24 20:47:45,093 - main - INFO - WebSocket connection started for btcusdt
2025-02-24 20:47:45,093 - main - INFO - WebSocket connection started for ethusdt
2025-02-24 20:47:45,094 - main - INFO - WebSocket connection started for xrpusdt
2025-02-24 20:50:01,020 - main - INFO - Shutting down application...
2025-02-24 20:50:22,461 - main - INFO - Starting application...
2025-02-24 20:50:22,462 - main - INFO - WebSocket connection started for btcusdt
2025-02-24 20:50:22,462 - main - INFO - WebSocket connection started for ethusdt
2025-02-24 20:50:22,463 - main - INFO - WebSocket connection started for xrpusdt
2025-02-24 20:51:51,950 - main - INFO - Shutting down application...
2025-02-24 20:52:17,945 - main - INFO - Starting application...
2025-02-24 20:52:17,945 - main - INFO - WebSocket connection started for btcusdt
2025-02-24 20:52:17,946 - main - INFO - WebSocket connection started for ethusdt
2025-02-24 20:52:17,947 - main - INFO - WebSocket connection started for xrpusdt
2025-02-24 20:53:17,020 - main - INFO - Shutting down application...
2025-02-24 20:53:39,870 - main - INFO - Starting application...
2025-02-24 20:53:39,871 - main - INFO - WebSocket connection started for btcusdt
2025-02-24 20:53:39,871 - main - INFO - WebSocket connection started for ethusdt
2025-02-24 20:53:39,872 - main - INFO - WebSocket connection started for xrpusdt
2025-02-24 20:53:43,457 - main - INFO - Shutting down application...
2025-02-24 20:53:57,031 - main - INFO - Starting application...
2025-02-24 20:53:57,031 - main - INFO - WebSocket connection started for btcusdt
2025-02-24 20:53:57,032 - main - INFO - WebSocket connection started for ethusdt
2025-02-24 20:53:57,033 - main - INFO - WebSocket connection started for xrpusdt
2025-02-24 20:54:12,719 - main - INFO - Shutting down application...
2025-02-24 20:55:32,976 - main - INFO - Starting application...
2025-02-24 20:55:32,977 - main - INFO - WebSocket connection started for btcusdt
2025-02-24 20:55:32,977 - main - INFO - WebSocket connection started for ethusdt
2025-02-24 20:55:32,978 - main - INFO - WebSocket connection started for xrpusdt
2025-02-24 20:55:52,814 - main - INFO - Shutting down application...
2025-02-24 20:56:53,144 - main - INFO - Starting application...
2025-02-24 20:56:53,145 - main - INFO - WebSocket connection started for btcusdt
2025-02-24 20:56:53,145 - main - INFO - WebSocket connection started for ethusdt
2025-02-24 20:56:53,146 - main - INFO - WebSocket connection started for xrpusdt
2025-02-24 20:57:16,854 - main - INFO - Shutting down application...
2025-02-24 20:59:19,046 - main - INFO - Starting application...
2025-02-24 20:59:19,047 - main - INFO - WebSocket connection started for btcusdt
2025-02-24 20:59:19,048 - main - INFO - WebSocket connection started for ethusdt
2025-02-24 20:59:19,048 - main - INFO - WebSocket connection started for xrpusdt
2025-02-24 21:00:21,234 - main - INFO - Shutting down application...
2025-02-24 21:02:57,453 - main - INFO - Starting application...
2025-02-24 21:02:57,454 - main - INFO - WebSocket connection started for btcusdt
2025-02-24 21:02:57,455 - main - INFO - WebSocket connection started for ethusdt
2025-02-24 21:02:57,455 - main - INFO - WebSocket connection started for xrpusdt
2025-02-24 21:03:27,442 - main - INFO - Shutting down application...
2025-02-24 21:05:21,309 - main - INFO - Starting application...
2025-02-24 21:05:21,310 - main - INFO - WebSocket connection started for btcusdt
2025-02-24 21:05:21,311 - main - INFO - WebSocket connection started for ethusdt
2025-02-24 21:05:21,311 - main - INFO - WebSocket connection started for xrpusdt
2025-02-24 21:05:41,965 - main - INFO - Shutting down application...
2025-02-24 21:09:22,588 - main - INFO - Starting application...
2025-02-24 21:09:22,589 - main - INFO - WebSocket connection started for btcusdt
2025-02-24 21:09:22,590 - main - INFO - WebSocket connection started for ethusdt
2025-02-24 21:09:22,590 - main - INFO - WebSocket connection started for xrpusdt
2025-02-24 21:10:23,735 - main - INFO - Shutting down application...
2025-02-24 21:10:30,030 - main - INFO - Starting application...
2025-02-24 21:10:30,030 - main - INFO - WebSocket connection started for btcusdt
2025-02-24 21:10:30,031 - main - INFO - WebSocket connection started for ethusdt
2025-02-24 21:10:30,031 - main - INFO - WebSocket connection started for xrpusdt
2025-02-24 21:11:26,771 - main - INFO - Shutting down application...
2025-02-24 21:11:55,470 - main - INFO - Starting application...
2025-02-24 21:11:55,471 - main - INFO - WebSocket connection started for btcusdt
2025-02-24 21:11:55,472 - main - INFO - WebSocket connection started for ethusdt
2025-02-24 21:11:55,472 - main - INFO - WebSocket connection started for xrpusdt
2025-02-24 21:12:25,832 - main - INFO - Shutting down application...
2025-02-24 21:13:24,963 - main - INFO - Starting application...
2025-02-24 21:13:24,963 - main - INFO - WebSocket connection started for btcusdt
2025-02-24 21:13:24,964 - main - INFO - WebSocket connection started for ethusdt
2025-02-24 21:13:24,965 - main - INFO - WebSocket connection started for xrpusdt
2025-02-24 21:14:13,003 - main - INFO - Shutting down application...
2025-02-24 21:17:30,874 - main - INFO - Starting application...
2025-02-24 21:17:30,875 - main - INFO - WebSocket connection started for btcusdt
2025-02-24 21:17:30,875 - main - INFO - WebSocket connection started for ethusdt
2025-02-24 21:17:30,876 - main - INFO - WebSocket connection started for xrpusdt
2025-02-24 21:18:37,431 - main - INFO - Shutting down application...
2025-02-24 21:19:26,743 - main - INFO - Starting application...
2025-02-24 21:19:26,744 - main - INFO - WebSocket connection started for btcusdt
2025-02-24 21:19:26,744 - main - INFO - WebSocket connection started for ethusdt
2025-02-24 21:19:26,745 - main - INFO - WebSocket connection started for xrpusdt
2025-02-24 21:19:37,568 - main - INFO - Shutting down application...
2025-02-24 21:34:32,404 - main - INFO - Starting application...
2025-02-24 21:34:32,405 - main - INFO - WebSocket connection started for btcusdt
2025-02-24 21:34:32,406 - main - INFO - WebSocket connection started for ethusdt
2025-02-24 21:34:32,406 - main - INFO - WebSocket connection started for xrpusdt
2025-02-24 21:34:54,469 - main - INFO - Shutting down application...
2025-02-24 21:35:40,513 - main - INFO - Starting application...
2025-02-24 21:35:40,514 - main - INFO - WebSocket connection started for btcusdt
2025-02-24 21:35:40,514 - main - INFO - WebSocket connection started for ethusdt
2025-02-24 21:35:40,515 - main - INFO - WebSocket connection started for xrpusdt
2025-02-24 21:35:48,470 - main - INFO - Shutting down application...
2025-02-24 21:41:23,873 - main - INFO - Starting application...
2025-02-24 21:41:23,874 - main - INFO - WebSocket connection started for btcusdt
2025-02-24 21:41:23,874 - main - INFO - WebSocket connection started for ethusdt
2025-02-24 21:41:23,875 - main - INFO - WebSocket connection started for xrpusdt
2025-02-24 21:41:44,810 - main - INFO - Shutting down application...
2025-02-24 21:43:02,940 - main - INFO - Starting application...
2025-02-24 21:43:02,941 - main - INFO - WebSocket connection started for btcusdt
2025-02-24 21:43:02,942 - main - INFO - WebSocket connection started for ethusdt
2025-02-24 21:43:02,942 - main - INFO - WebSocket connection started for xrpusdt
2025-02-24 21:43:45,856 - main - INFO - Shutting down application...
2025-02-24 21:44:42,231 - main - INFO - Starting application...
2025-02-24 21:44:42,231 - main - INFO - WebSocket connection started for btcusdt
2025-02-24 21:44:42,232 - main - INFO - WebSocket connection started for ethusdt
2025-02-24 21:44:42,232 - main - INFO - WebSocket connection started for xrpusdt
2025-02-24 21:45:35,847 - main - INFO - Shutting down application...
2025-02-24 21:46:13,308 - main - INFO - Starting application...
2025-02-24 21:46:13,309 - main - INFO - WebSocket connection started for btcusdt
2025-02-24 21:46:13,310 - main - INFO - WebSocket connection started for ethusdt
2025-02-24 21:46:13,310 - main - INFO - WebSocket connection started for xrpusdt
2025-02-24 21:49:26,177 - main - INFO - Shutting down application...
2025-02-24 21:51:16,305 - main - INFO - Starting application...
2025-02-24 21:51:16,306 - main - INFO - WebSocket connection started for btcusdt
2025-02-24 21:51:16,307 - main - INFO - WebSocket connection started for ethusdt
2025-02-24 21:51:16,307 - main - INFO - WebSocket connection started for xrpusdt
2025-02-24 21:51:54,491 - main - INFO - Shutting down application...
2025-02-24 21:53:11,978 - main - INFO - Starting application...
2025-02-24 21:53:11,979 - main - INFO - WebSocket connection started for btcusdt
2025-02-24 21:53:11,980 - main - INFO - WebSocket connection started for ethusdt
2025-02-24 21:53:11,980 - main - INFO - WebSocket connection started for xrpusdt
2025-02-24 21:56:29,521 - main - INFO - Shutting down application...
2025-02-24 22:09:40,474 - main - INFO - Starting application...
2025-02-24 22:09:40,474 - main - INFO - WebSocket connection started for btcusdt
2025-02-24 22:09:40,475 - main - INFO - WebSocket connection started for ethusdt
2025-02-24 22:09:40,475 - main - INFO - WebSocket connection started for xrpusdt
2025-02-24 22:13:01,905 - main - INFO - Shutting down application...
2025-02-24 22:20:21,061 - main - INFO - Starting application...
2025-02-24 22:20:21,062 - main - INFO - WebSocket connection started for btcusdt
2025-02-24 22:20:21,062 - main - INFO - WebSocket connection started for ethusdt
2025-02-24 22:20:21,063 - main - INFO - WebSocket connection started for xrpusdt
2025-02-24 22:20:51,250 - main - INFO - Shutting down application...
2025-02-24 22:21:39,539 - main - INFO - Starting application...
2025-02-24 22:21:39,541 - main - INFO - WebSocket connection started for btcusdt
2025-02-24 22:21:39,541 - main - INFO - WebSocket connection started for ethusdt
2025-02-24 22:21:39,542 - main - INFO - WebSocket connection started for xrpusdt
2025-02-24 22:22:25,440 - main - INFO - Shutting down application...
2025-02-24 22:23:32,172 - main - INFO - Starting application...
2025-02-24 22:23:32,172 - main - INFO - WebSocket connection started for btcusdt
2025-02-24 22:23:32,173 - main - INFO - WebSocket connection started for ethusdt
2025-02-24 22:23:32,174 - main - INFO - WebSocket connection started for xrpusdt
2025-02-24 22:26:27,925 - main - INFO - Shutting down application...
2025-02-24 22:26:32,864 - main - INFO - Starting application...
2025-02-24 22:26:32,865 - main - INFO - WebSocket connection started for btcusdt
2025-02-24 22:26:32,866 - main - INFO - WebSocket connection started for ethusdt
2025-02-24 22:26:32,866 - main - INFO - WebSocket connection started for xrpusdt
2025-02-24 22:26:37,743 - main - INFO - Shutting down application...
2025-02-24 22:26:45,750 - main - INFO - Starting application...
2025-02-24 22:26:45,751 - main - INFO - WebSocket connection started for btcusdt
2025-02-24 22:26:45,752 - main - INFO - WebSocket connection started for ethusdt
2025-02-24 22:26:45,752 - main - INFO - WebSocket connection started for xrpusdt
2025-02-24 22:32:13,699 - main - INFO - Shutting down application...
2025-02-24 22:33:42,531 - main - INFO - Starting application...
2025-02-24 22:33:42,532 - main - INFO - WebSocket connection started for btcusdt
2025-02-24 22:33:42,533 - main - INFO - WebSocket connection started for ethusdt
2025-02-24 22:33:42,533 - main - INFO - WebSocket connection started for xrpusdt
2025-02-24 22:35:40,906 - main - INFO - Shutting down application...
2025-02-24 22:36:33,505 - main - INFO - Starting application...
2025-02-24 22:36:33,506 - main - INFO - WebSocket connection started for btcusdt
2025-02-24 22:36:33,507 - main - INFO - WebSocket connection started for ethusdt
2025-02-24 22:36:33,507 - main - INFO - WebSocket connection started for xrpusdt
2025-02-24 22:37:03,921 - main - INFO - Shutting down application...
2025-02-24 22:38:13,358 - main - INFO - Starting application...
2025-02-24 22:38:13,358 - main - INFO - WebSocket connection started for btcusdt
2025-02-24 22:38:13,359 - main - INFO - WebSocket connection started for ethusdt
2025-02-24 22:38:13,359 - main - INFO - WebSocket connection started for xrpusdt
2025-02-24 22:38:53,010 - main - INFO - Shutting down application...
2025-02-24 22:39:47,399 - main - INFO - Starting application...
2025-02-24 22:39:47,399 - main - INFO - WebSocket connection started for btcusdt
2025-02-24 22:39:47,400 - main - INFO - WebSocket connection started for ethusdt
2025-02-24 22:39:47,401 - main - INFO - WebSocket connection started for xrpusdt
2025-02-24 22:41:18,328 - main - INFO - Shutting down application...
2025-02-24 22:45:27,806 - main - INFO - Starting application...
2025-02-24 22:45:27,806 - main - INFO - WebSocket connection started for btcusdt
2025-02-24 22:45:27,807 - main - INFO - WebSocket connection started for ethusdt
2025-02-24 22:45:27,807 - main - INFO - WebSocket connection started for xrpusdt
2025-02-24 22:45:59,910 - main - INFO - Shutting down application...
2025-02-24 22:47:02,948 - main - INFO - Starting application...
2025-02-24 22:47:02,950 - main - INFO - WebSocket connection started for btcusdt
2025-02-24 22:47:02,951 - main - INFO - WebSocket connection started for ethusdt
2025-02-24 22:47:02,951 - main - INFO - WebSocket connection started for xrpusdt
2025-02-24 22:47:14,158 - main - INFO - Shutting down application...
2025-02-24 22:48:44,590 - main - INFO - Starting application...
2025-02-24 22:48:44,590 - main - INFO - WebSocket connection started for btcusdt
2025-02-24 22:48:44,591 - main - INFO - WebSocket connection started for ethusdt
2025-02-24 22:48:44,592 - main - INFO - WebSocket connection started for xrpusdt
2025-02-24 22:49:07,006 - main - INFO - Shutting down application...
2025-02-24 22:50:20,867 - main - INFO - Starting application...
2025-02-24 22:50:20,868 - main - INFO - WebSocket connection started for btcusdt
2025-02-24 22:50:20,868 - main - INFO - WebSocket connection started for ethusdt
2025-02-24 22:50:20,869 - main - INFO - WebSocket connection started for xrpusdt
2025-02-24 22:51:08,974 - main - INFO - Shutting down application...
2025-02-24 22:59:29,732 - main - INFO - Starting application...
2025-02-24 22:59:29,733 - main - INFO - WebSocket connection started for btcusdt
2025-02-24 22:59:29,733 - main - INFO - WebSocket connection started for ethusdt
2025-02-24 22:59:29,734 - main - INFO - WebSocket connection started for xrpusdt
2025-02-24 22:59:29,830 - main - INFO - Request processed in 0.0120 seconds
2025-02-24 22:59:29,837 - main - INFO - Request processed in 0.0030 seconds
2025-02-24 22:59:29,845 - main - INFO - Request processed in 0.0030 seconds
2025-02-24 22:59:30,101 - main - INFO - Request processed in 0.0030 seconds
2025-02-24 22:59:31,106 - main - INFO - Request processed in 0.0040 seconds
2025-02-24 22:59:32,356 - main - INFO - Request processed in 0.0030 seconds
2025-02-24 22:59:33,102 - main - INFO - Request processed in 0.0040 seconds
2025-02-24 22:59:34,098 - main - INFO - Request processed in 0.0030 seconds
2025-02-24 22:59:35,102 - main - INFO - Request processed in 0.0030 seconds
2025-02-24 22:59:36,104 - main - INFO - Request processed in 0.0040 seconds
2025-02-24 22:59:37,101 - main - INFO - Request processed in 0.0030 seconds
2025-02-24 22:59:37,921 - main - INFO - Request processed in 0.0030 seconds
2025-02-24 22:59:38,686 - main - INFO - Request processed in 0.0070 seconds
2025-02-24 22:59:39,322 - main - INFO - Request processed in 0.1229 seconds
2025-02-24 22:59:39,702 - main - INFO - Request processed in 0.0030 seconds
2025-02-24 22:59:40,703 - main - INFO - Request processed in 0.0040 seconds
2025-02-24 22:59:41,702 - main - INFO - Request processed in 0.0030 seconds
2025-02-24 22:59:42,702 - main - INFO - Request processed in 0.0030 seconds
2025-02-24 22:59:43,703 - main - INFO - Request processed in 0.0040 seconds
2025-02-24 22:59:44,708 - main - INFO - Request processed in 0.0040 seconds
2025-02-24 22:59:46,099 - main - INFO - Request processed in 0.0040 seconds
2025-02-24 22:59:47,096 - main - INFO - Request processed in 0.0040 seconds
2025-02-24 22:59:48,105 - main - INFO - Request processed in 0.0020 seconds
2025-02-24 22:59:49,106 - main - INFO - Request processed in 0.0030 seconds
2025-02-24 22:59:50,107 - main - INFO - Request processed in 0.0033 seconds
2025-02-24 22:59:51,106 - main - INFO - Request processed in 0.0035 seconds
2025-02-24 22:59:52,094 - main - INFO - Request processed in 0.0030 seconds
2025-02-24 22:59:53,136 - main - INFO - Request processed in 0.0055 seconds
2025-02-24 22:59:54,119 - main - INFO - Request processed in 0.0050 seconds
2025-02-24 22:59:55,096 - main - INFO - Request processed in 0.0030 seconds
2025-02-24 22:59:56,218 - main - INFO - Request processed in 0.0778 seconds
2025-02-24 22:59:58,533 - main - INFO - Request processed in 0.0030 seconds
2025-02-24 22:59:59,108 - main - INFO - Request processed in 0.0030 seconds
2025-02-24 23:00:00,095 - main - INFO - Request processed in 0.0030 seconds
2025-02-24 23:00:01,096 - main - INFO - Request processed in 0.0030 seconds
2025-02-24 23:00:02,105 - main - INFO - Request processed in 0.0030 seconds
2025-02-24 23:00:03,105 - main - INFO - Request processed in 0.0030 seconds
2025-02-24 23:00:04,608 - main - INFO - Request processed in 0.0030 seconds
2025-02-24 23:00:05,133 - main - INFO - Request processed in 0.0040 seconds
2025-02-24 23:00:06,104 - main - INFO - Request processed in 0.0030 seconds
2025-02-24 23:00:07,095 - main - INFO - Request processed in 0.0030 seconds
2025-02-24 23:00:08,100 - main - INFO - Request processed in 0.0040 seconds
2025-02-24 23:00:09,107 - main - INFO - Request processed in 0.0030 seconds
2025-02-24 23:00:10,107 - main - INFO - Request processed in 0.0030 seconds
2025-02-24 23:00:11,107 - main - INFO - Request processed in 0.0030 seconds
2025-02-24 23:00:12,103 - main - INFO - Request processed in 0.0030 seconds
2025-02-24 23:00:13,093 - main - INFO - Request processed in 0.0030 seconds
2025-02-24 23:00:14,112 - main - INFO - Request processed in 0.0040 seconds
2025-02-24 23:00:15,133 - main - INFO - Request processed in 0.0040 seconds
2025-02-24 23:00:16,098 - main - INFO - Request processed in 0.0030 seconds
2025-02-24 23:00:17,123 - main - INFO - Request processed in 0.0040 seconds
2025-02-24 23:00:18,100 - main - INFO - Request processed in 0.0050 seconds
2025-02-24 23:00:18,800 - main - INFO - Shutting down application...
2025-02-24 23:00:51,989 - main - INFO - Starting application...
2025-02-24 23:00:51,990 - main - INFO - WebSocket connection started for btcusdt
2025-02-24 23:00:51,991 - main - INFO - WebSocket connection started for ethusdt
2025-02-24 23:00:51,991 - main - INFO - WebSocket connection started for xrpusdt
2025-02-24 23:00:52,250 - main - INFO - Request processed in 0.0000 seconds
2025-02-24 23:00:52,256 - main - INFO - Request processed in 0.0010 seconds
2025-02-24 23:01:01,023 - main - INFO - Request processed in 0.0010 seconds
2025-02-24 23:01:03,567 - main - INFO - Request processed in 0.0010 seconds
2025-02-24 23:01:05,216 - main - INFO - Request processed in 0.1009 seconds
2025-02-24 23:01:05,708 - main - INFO - Request processed in 0.0030 seconds
2025-02-24 23:01:07,101 - main - INFO - Request processed in 0.0040 seconds
2025-02-24 23:01:08,094 - main - INFO - Request processed in 0.0030 seconds
2025-02-24 23:01:09,134 - main - INFO - Request processed in 0.0040 seconds
2025-02-24 23:01:10,135 - main - INFO - Request processed in 0.0250 seconds
2025-02-24 23:01:10,224 - main - INFO - Shutting down application...
